<?xml version="1.0" encoding="UTF-8"?>
<!-- Generated by org.testng.reporters.JUnitReportReporter -->
<testsuite hostname="DESKTOP-OLMI7T4" failures="0" tests="3" name="test.GoogleTest" time="0.210" errors="0" timestamp="2024-03-19T16:19:03 WAT" skipped="0">
  <testcase classname="test.GoogleTest" name="firstTest" time="0.052"/>
  <testcase classname="test.GoogleTest" name="SecondTest" time="0.101"/>
  <testcase classname="test.GoogleTest" name="thirdTest" time="0.057"/>
</testsuite> <!-- test.GoogleTest -->
