<?xml version="1.0" encoding="UTF-8"?>
<!-- Generated by org.testng.reporters.JUnitReportReporter -->
<testsuite hostname="DESKTOP-OLMI7T4" failures="0" tests="3" name="test.OrangeHRMTest" time="34.550" errors="0" timestamp="2024-03-21T18:17:15 WAT" skipped="0">
  <testcase classname="test.OrangeHRMTest" name="loginPageTest" time="10.367"/>
  <testcase classname="test.OrangeHRMTest" name="verifyForgotPassword" time="9.630"/>
  <testcase classname="test.OrangeHRMTest" name="loginTest" time="14.553"/>
</testsuite> <!-- test.OrangeHRMTest -->
