<?xml version="1.0" encoding="UTF-8"?>
<!-- Generated by org.testng.reporters.JUnitReportReporter -->
<testsuite hostname="DESKTOP-OLMI7T4" failures="0" tests="2" name="Test.TestClass" time="0.128" errors="0" timestamp="2024-03-14T21:08:05 WAT" skipped="0">
  <testcase classname="Test.TestClass" name="navigateToGoogle" time="0.030"/>
  <testcase classname="Test.TestClass" name="validateLogo" time="0.098"/>
</testsuite> <!-- Test.TestClass -->
